#
# There is insufficient memory for the Java Runtime Environment to continue.
# Native memory allocation (mmap) failed to map 266338304 bytes. Error detail: G1 virtual space
# Possible reasons:
#   The system is out of physical RAM or swap space
#   This process is running with CompressedOops enabled, and the Java Heap may be blocking the growth of the native heap
# Possible solutions:
#   Reduce memory load on the system
#   Increase physical memory or swap space
#   Check if swap backing store is full
#   Decrease Java heap size (-Xmx/-Xms)
#   Decrease number of Java threads
#   Decrease Java thread stack sizes (-Xss)
#   Set larger code cache with -XX:ReservedCodeCacheSize=
#   JVM is running with Zero Based Compressed Oops mode in which the Java heap is
#     placed in the first 32GB address space. The Java Heap base address is the
#     maximum limit for the native heap growth. Please use -XX:HeapBaseMinAddress
#     to set the Java Heap base and to place the Java Heap above 32GB virtual address.
# This output file may be truncated or incomplete.
#
#  Out of Memory Error (os_windows.cpp:3703), pid=33608, tid=25584
#
# JRE version:  (23.0+37) (build )
# Java VM: OpenJDK 64-Bit Server VM (23+37-2369, mixed mode, sharing, tiered, compressed oops, compressed class ptrs, g1 gc, windows-amd64)
# No core dump will be written. Minidumps are not enabled by default on client versions of Windows
#

---------------  S U M M A R Y ------------

Command Line: -javaagent:D:\Salah\Work\IntelliJ IDEA 2024.1\lib\idea_rt.jar=59576:D:\Salah\Work\IntelliJ IDEA 2024.1\bin -Dfile.encoding=UTF-8 -Dsun.stdout.encoding=UTF-8 -Dsun.stderr.encoding=UTF-8 org.example.MainPage

Host: Intel(R) Core(TM) i5-8350U CPU @ 1.70GHz, 8 cores, 15G,  Windows 11 , 64 bit Build 22621 (10.0.22621.4391)
Time: Tue Dec 31 03:05:03 2024 Egypt Standard Time elapsed time: 0.014880 seconds (0d 0h 0m 0s)

---------------  T H R E A D  ---------------

Current thread (0x00000246d2ee93b0):  JavaThread "Unknown thread" [_thread_in_vm, id=25584, stack(0x000000bed0d00000,0x000000bed0e00000) (1024K)]

Stack: [0x000000bed0d00000,0x000000bed0e00000]
Native frames: (J=compiled Java code, j=interpreted, Vv=VM code, C=native code)
V  [jvm.dll+0x6e08a9]  (no source info available)
V  [jvm.dll+0x87da63]  (no source info available)
V  [jvm.dll+0x87feee]  (no source info available)
V  [jvm.dll+0x8805c3]  (no source info available)
V  [jvm.dll+0x27aee6]  (no source info available)
V  [jvm.dll+0x6dd1b5]  (no source info available)
V  [jvm.dll+0x6d103a]  (no source info available)
V  [jvm.dll+0x35b3ea]  (no source info available)
V  [jvm.dll+0x3637f6]  (no source info available)
V  [jvm.dll+0x34fd5e]  (no source info available)
V  [jvm.dll+0x34fff8]  (no source info available)
V  [jvm.dll+0x3289cc]  (no source info available)
V  [jvm.dll+0x32966e]  (no source info available)
V  [jvm.dll+0x8442e5]  (no source info available)
V  [jvm.dll+0x3b9848]  (no source info available)
V  [jvm.dll+0x82d0dc]  (no source info available)
V  [jvm.dll+0x454d4e]  (no source info available)
V  [jvm.dll+0x456bd1]  (no source info available)
C  [jli.dll+0x52a3]  (no source info available)
C  [ucrtbase.dll+0x29333]  (no source info available)
C  [KERNEL32.DLL+0x1259d]  (no source info available)
C  [ntdll.dll+0x5af38]  (no source info available)

Lock stack of current Java thread (top to bottom):


---------------  P R O C E S S  ---------------

Threads class SMR info:
_java_thread_list=0x00007ff9e07a3618, length=0, elements={
}

Java Threads: ( => current thread )
Total: 0

Other Threads:
  0x00000246d2f50b10 WorkerThread "GC Thread#0"                     [id=21732, stack(0x000000bed0e00000,0x000000bed0f00000) (1024K)]
  0x00000246d2f65a50 ConcurrentGCThread "G1 Main Marker"            [id=30120, stack(0x000000bed0f00000,0x000000bed1000000) (1024K)]
  0x00000246d2f66d00 WorkerThread "G1 Conc#0"                       [id=3996, stack(0x000000bed1000000,0x000000bed1100000) (1024K)]

[error occurred during error reporting (printing all threads), id 0xc0000005, EXCEPTION_ACCESS_VIOLATION (0xc0000005) at pc=0x00007ff9dfeebfba]
VM state: not at safepoint (not fully initialized)

VM Mutex/Monitor currently owned by a thread:  ([mutex/lock_event])
[0x00007ff9e0823a10] Heap_lock - owner thread: 0x00000246d2ee93b0

Heap address: 0x0000000702200000, size: 4062 MB, Compressed Oops mode: Zero based, Oop shift amount: 3

CDS archive(s) mapped at: [0x0000000000000000-0x0000000000000000-0x0000000000000000), size 0, SharedBaseAddress: 0x0000000800000000, ArchiveRelocationMode: 1.
Narrow klass base: 0x0000000000000000, Narrow klass shift: 0, Narrow klass range: 0x0

GC Precious Log:
 CardTable entry size: 512
 Card Set container configuration: InlinePtr #cards 4 size 8 Array Of Cards #cards 16 size 48 Howl #buckets 8 coarsen threshold 3686 Howl Bitmap #cards 512 size 80 coarsen threshold 460 Card regions per heap region 1 cards per card region 4096

Heap:
 garbage-first heap   total reserved 4159488K, committed 0K, used 0K [0x0000000702200000, 0x0000000800000000)
  region size 2048K, 0 young (0K), 0 survivors (0K)

[error occurred during error reporting (printing heap information), id 0xc0000005, EXCEPTION_ACCESS_VIOLATION (0xc0000005) at pc=0x00007ff9e02ec3b9]
GC Heap History (0 events):
No events

Dll operation events (1 events):
Event: 0.010 Loaded shared library C:\Users\NTG\.jdks\openjdk-23\bin\java.dll

Deoptimization events (0 events):
No events

Classes loaded (0 events):
No events

Classes unloaded (0 events):
No events

Classes redefined (0 events):
No events

Internal exceptions (0 events):
No events

VM Operations (0 events):
No events

Memory protections (0 events):
No events

Nmethod flushes (0 events):
No events

Events (0 events):
No events


Dynamic libraries:
0x00007ff774a40000 - 0x00007ff774a4e000 	C:\Users\NTG\.jdks\openjdk-23\bin\java.exe
0x00007ffa6e8f0000 - 0x00007ffa6eb07000 	C:\WINDOWS\SYSTEM32\ntdll.dll
0x00007ffa6cc80000 - 0x00007ffa6cd44000 	C:\WINDOWS\System32\KERNEL32.DLL
0x00007ffa6c180000 - 0x00007ffa6c53a000 	C:\WINDOWS\System32\KERNELBASE.dll
0x00007ffa6c060000 - 0x00007ffa6c171000 	C:\WINDOWS\System32\ucrtbase.dll
0x00007ffa57380000 - 0x00007ffa5739b000 	C:\Users\NTG\.jdks\openjdk-23\bin\VCRUNTIME140.dll
0x00007ffa5ccc0000 - 0x00007ffa5ccd7000 	C:\Users\NTG\.jdks\openjdk-23\bin\jli.dll
0x00007ffa6dcf0000 - 0x00007ffa6de9e000 	C:\WINDOWS\System32\USER32.dll
0x00007ffa6c5c0000 - 0x00007ffa6c5e6000 	C:\WINDOWS\System32\win32u.dll
0x00007ffa573d0000 - 0x00007ffa57662000 	C:\WINDOWS\WinSxS\amd64_microsoft.windows.common-controls_6595b64144ccf1df_6.0.22621.4541_none_2710d1c57384c085\COMCTL32.dll
0x00007ffa6c870000 - 0x00007ffa6c899000 	C:\WINDOWS\System32\GDI32.dll
0x00007ffa6e650000 - 0x00007ffa6e6f7000 	C:\WINDOWS\System32\msvcrt.dll
0x00007ffa6bea0000 - 0x00007ffa6bfbb000 	C:\WINDOWS\System32\gdi32full.dll
0x00007ffa6bfc0000 - 0x00007ffa6c05a000 	C:\WINDOWS\System32\msvcp_win.dll
0x00007ffa6c830000 - 0x00007ffa6c861000 	C:\WINDOWS\System32\IMM32.DLL
0x00007ffa5cd50000 - 0x00007ffa5cd5c000 	C:\Users\NTG\.jdks\openjdk-23\bin\vcruntime140_1.dll
0x00007ffa19ce0000 - 0x00007ffa19d6e000 	C:\Users\NTG\.jdks\openjdk-23\bin\msvcp140.dll
0x00007ff9dfbb0000 - 0x00007ff9e08ff000 	C:\Users\NTG\.jdks\openjdk-23\bin\server\jvm.dll
0x00007ffa6c5f0000 - 0x00007ffa6c6a2000 	C:\WINDOWS\System32\ADVAPI32.dll
0x00007ffa6e340000 - 0x00007ffa6e3e7000 	C:\WINDOWS\System32\sechost.dll
0x00007ffa6bdb0000 - 0x00007ffa6bdd8000 	C:\WINDOWS\System32\bcrypt.dll
0x00007ffa6cb50000 - 0x00007ffa6cc64000 	C:\WINDOWS\System32\RPCRT4.dll
0x00007ffa6c7b0000 - 0x00007ffa6c821000 	C:\WINDOWS\System32\WS2_32.dll
0x00007ffa6aa50000 - 0x00007ffa6aa9d000 	C:\WINDOWS\SYSTEM32\POWRPROF.dll
0x00007ffa63aa0000 - 0x00007ffa63ad4000 	C:\WINDOWS\SYSTEM32\WINMM.dll
0x00007ffa63fc0000 - 0x00007ffa63fca000 	C:\WINDOWS\SYSTEM32\VERSION.dll
0x00007ffa6aa30000 - 0x00007ffa6aa43000 	C:\WINDOWS\SYSTEM32\UMPDC.dll
0x00007ffa6acf0000 - 0x00007ffa6ad08000 	C:\WINDOWS\SYSTEM32\kernel.appcore.dll
0x00007ffa5cd20000 - 0x00007ffa5cd2a000 	C:\Users\NTG\.jdks\openjdk-23\bin\jimage.dll
0x00007ffa664e0000 - 0x00007ffa66712000 	C:\WINDOWS\SYSTEM32\DBGHELP.DLL
0x00007ffa6d8b0000 - 0x00007ffa6dc3f000 	C:\WINDOWS\System32\combase.dll
0x00007ffa6e4a0000 - 0x00007ffa6e577000 	C:\WINDOWS\System32\OLEAUT32.dll
0x00007ffa37140000 - 0x00007ffa37172000 	C:\WINDOWS\SYSTEM32\dbgcore.DLL
0x00007ffa6bd30000 - 0x00007ffa6bdab000 	C:\WINDOWS\System32\bcryptPrimitives.dll
0x00007ffa57370000 - 0x00007ffa5737f000 	C:\Users\NTG\.jdks\openjdk-23\bin\instrument.dll
0x00007ffa54590000 - 0x00007ffa545ae000 	C:\Users\NTG\.jdks\openjdk-23\bin\java.dll
0x00007ffa6e700000 - 0x00007ffa6e8a5000 	C:\WINDOWS\System32\ole32.dll
0x00007ffa6d030000 - 0x00007ffa6d8a8000 	C:\WINDOWS\System32\SHELL32.dll

dbghelp: loaded successfully - version: 4.0.5 - missing functions: none
symbol engine: initialized successfully - sym options: 0x614 - pdb path: .;C:\Users\NTG\.jdks\openjdk-23\bin;C:\WINDOWS\SYSTEM32;C:\WINDOWS\WinSxS\amd64_microsoft.windows.common-controls_6595b64144ccf1df_6.0.22621.4541_none_2710d1c57384c085;C:\Users\NTG\.jdks\openjdk-23\bin\server

VM Arguments:
jvm_args: -javaagent:D:\Salah\Work\IntelliJ IDEA 2024.1\lib\idea_rt.jar=59576:D:\Salah\Work\IntelliJ IDEA 2024.1\bin -Dfile.encoding=UTF-8 -Dsun.stdout.encoding=UTF-8 -Dsun.stderr.encoding=UTF-8 
java_command: org.example.MainPage
java_class_path (initial): D:\Salah\Projects\JAVA\sourse code\event_management_booking\target\classes;C:\Users\NTG\.m2\repository\org\postgresql\postgresql\42.6.0\postgresql-42.6.0.jar;C:\Users\NTG\.m2\repository\org\checkerframework\checker-qual\3.31.0\checker-qual-3.31.0.jar
Launcher Type: SUN_STANDARD

[Global flags]
     intx CICompilerCount                          = 4                                         {product} {ergonomic}
     uint ConcGCThreads                            = 2                                         {product} {ergonomic}
     uint G1ConcRefinementThreads                  = 8                                         {product} {ergonomic}
   size_t G1HeapRegionSize                         = 2097152                                   {product} {ergonomic}
   size_t InitialHeapSize                          = 266338304                                 {product} {ergonomic}
   size_t MarkStackSize                            = 4194304                                   {product} {ergonomic}
   size_t MarkStackSizeMax                         = 536870912                                 {product} {ergonomic}
   size_t MaxHeapSize                              = 4259315712                                {product} {ergonomic}
   size_t MinHeapDeltaBytes                        = 2097152                                   {product} {ergonomic}
   size_t MinHeapSize                              = 8388608                                   {product} {ergonomic}
    uintx NonNMethodCodeHeapSize                   = 5832704                                {pd product} {ergonomic}
    uintx NonProfiledCodeHeapSize                  = 122945536                              {pd product} {ergonomic}
    uintx ProfiledCodeHeapSize                     = 122880000                              {pd product} {ergonomic}
    uintx ReservedCodeCacheSize                    = 251658240                              {pd product} {ergonomic}
     bool SegmentedCodeCache                       = true                                      {product} {ergonomic}
   size_t SoftMaxHeapSize                          = 4259315712                             {manageable} {ergonomic}
     bool UseCompressedOops                        = true                           {product lp64_product} {ergonomic}
     bool UseG1GC                                  = true                                      {product} {ergonomic}
     bool UseLargePagesIndividualAllocation        = false                                  {pd product} {ergonomic}

Logging:
Log output configuration:
 #0: stdout all=warning uptime,level,tags foldmultilines=false
 #1: stderr all=off uptime,level,tags foldmultilines=false

Environment Variables:
PATH=D:\Salah\oracle\db_home\bin;C:\Program Files\Microsoft MPI\Bin\;C:\Program Files (x86)\Common Files\Oracle\Java\javapath;C:\Program Files (x86)\VMware\VMware Workstation\bin\;C:\WINDOWS\system32;C:\WINDOWS;C:\WINDOWS\System32\Wbem;C:\WINDOWS\System32\WindowsPowerShell\v1.0\;C:\WINDOWS\System32\OpenSSH\;C:\Program Files (x86)\Microsoft SQL Server\160\Tools\Binn\;C:\Program Files\Microsoft SQL Server\160\Tools\Binn\;C:\Program Files\Microsoft SQL Server\Client SDK\ODBC\170\Tools\Binn\;C:\Program Files\Microsoft SQL Server\160\DTS\Binn\;C:\Program Files\Azure Data Studio\bin;C:\Program Files\dotnet\;C:\Program Files (x86)\Intel\Intel(R) Management Engine Components\DAL;C:\Program Files\Intel\Intel(R) Management Engine Components\DAL;C:\Program Files\Intel\WiFi\bin\;C:\Program Files\Common Files\Intel\WirelessCommon\;C:\dart\bin;C:\Program Files\Git\cmd;C:\Users\NTG\AppData\Local\Microsoft\WindowsApps;C:\Users\NTG\AppData\Local\Programs\Microsoft VS Code\bin;D:\Salah\Flutter\flutter_windows_3.24.3-stable\flutter\bin;;D:\Salah\Work\IntelliJ IDEA 2024.1\bin;
USERNAME=NTG
OS=Windows_NT
PROCESSOR_IDENTIFIER=Intel64 Family 6 Model 142 Stepping 10, GenuineIntel
TMP=C:\Users\NTG\AppData\Local\Temp
TEMP=C:\Users\NTG\AppData\Local\Temp




Periodic native trim disabled

---------------  S Y S T E M  ---------------

OS:
 Windows 11 , 64 bit Build 22621 (10.0.22621.4391)
OS uptime: 11 days 15:12 hours

CPU: total 8 (initial active 8) (4 cores per cpu, 2 threads per core) family 6 model 142 stepping 10 microcode 0xf4, cx8, cmov, fxsr, ht, mmx, 3dnowpref, sse, sse2, sse3, ssse3, sse4.1, sse4.2, popcnt, lzcnt, tsc, tscinvbit, avx, avx2, aes, erms, clmul, bmi1, bmi2, rtm, adx, fma, vzeroupper, clflush, clflushopt, rdtscp, f16c
Processor Information for the first 8 processors :
  Max Mhz: 1896, Current Mhz: 1696, Mhz Limit: 1687

Memory: 4k page, system-wide physical 16242M (2644M free)
TotalPageFile size 26482M (AvailPageFile size 222M)
current process WorkingSet (physical memory assigned to process): 12M, peak: 12M
current process commit charge ("private bytes"): 60M, peak: 314M

vm_info: OpenJDK 64-Bit Server VM (23+37-2369) for windows-amd64 JRE (23+37-2369), built on 2024-08-20T16:01:23Z with MS VC++ 17.6 (VS2022)

END.
